<?xml version="1.0" encoding="UTF-8"?>
<!-- Generated by org.testng.reporters.JUnitReportReporter -->
<testsuite hostname="DESKTOP-3LH7S5B" failures="0" tests="1" name="login.TestScript" time="0.026" errors="0" timestamp="2024-06-03T09:06:50 IST" skipped="0">
  <testcase classname="login.TestScript" name="execute" time="0.026"/>
  <system-out>
    <![CDATA[webpage launched]]>
  </system-out>
</testsuite> <!-- login.TestScript -->
